<?xml version="1.0" encoding="UTF-8"?>
<testsuite name="com.koreait.day2.repository.AdminUserRepositoryTest" tests="1" skipped="0" failures="0" errors="0" timestamp="2021-08-18T16:09:21" hostname="DESKTOP-BI9QBB7" time="0.628">
  <properties/>
  <testcase name="create()" classname="com.koreait.day2.repository.AdminUserRepositoryTest" time="0.628"/>
  <system-out><![CDATA[01:09:08.442 [Test worker] DEBUG org.springframework.test.context.BootstrapUtils - Instantiating CacheAwareContextLoaderDelegate from class [org.springframework.test.context.cache.DefaultCacheAwareContextLoaderDelegate]
01:09:08.468 [Test worker] DEBUG org.springframework.test.context.BootstrapUtils - Instantiating BootstrapContext using constructor [public org.springframework.test.context.support.DefaultBootstrapContext(java.lang.Class,org.springframework.test.context.CacheAwareContextLoaderDelegate)]
01:09:08.520 [Test worker] DEBUG org.springframework.test.context.BootstrapUtils - Instantiating TestContextBootstrapper for test class [com.koreait.day2.repository.AdminUserRepositoryTest] from class [org.springframework.boot.test.context.SpringBootTestContextBootstrapper]
01:09:08.538 [Test worker] INFO org.springframework.boot.test.context.SpringBootTestContextBootstrapper - Neither @ContextConfiguration nor @ContextHierarchy found for test class [com.koreait.day2.repository.AdminUserRepositoryTest], using SpringBootContextLoader
01:09:08.544 [Test worker] DEBUG org.springframework.test.context.support.AbstractContextLoader - Did not detect default resource location for test class [com.koreait.day2.repository.AdminUserRepositoryTest]: class path resource [com/koreait/day2/repository/AdminUserRepositoryTest-context.xml] does not exist
01:09:08.545 [Test worker] DEBUG org.springframework.test.context.support.AbstractContextLoader - Did not detect default resource location for test class [com.koreait.day2.repository.AdminUserRepositoryTest]: class path resource [com/koreait/day2/repository/AdminUserRepositoryTestContext.groovy] does not exist
01:09:08.546 [Test worker] INFO org.springframework.test.context.support.AbstractContextLoader - Could not detect default resource locations for test class [com.koreait.day2.repository.AdminUserRepositoryTest]: no resource found for suffixes {-context.xml, Context.groovy}.
01:09:08.548 [Test worker] INFO org.springframework.test.context.support.AnnotationConfigContextLoaderUtils - Could not detect default configuration classes for test class [com.koreait.day2.repository.AdminUserRepositoryTest]: AdminUserRepositoryTest does not declare any static, non-private, non-final, nested classes annotated with @Configuration.
01:09:08.645 [Test worker] DEBUG org.springframework.test.context.support.ActiveProfilesUtils - Could not find an 'annotation declaring class' for annotation type [org.springframework.test.context.ActiveProfiles] and class [com.koreait.day2.repository.AdminUserRepositoryTest]
01:09:08.762 [Test worker] DEBUG org.springframework.context.annotation.ClassPathScanningCandidateComponentProvider - Identified candidate component class: file [C:\soon\Spring\Day2\build\classes\java\main\com\koreait\day2\Day2Application.class]
01:09:08.764 [Test worker] INFO org.springframework.boot.test.context.SpringBootTestContextBootstrapper - Found @SpringBootConfiguration com.koreait.day2.Day2Application for test class com.koreait.day2.repository.AdminUserRepositoryTest
01:09:08.960 [Test worker] DEBUG org.springframework.boot.test.context.SpringBootTestContextBootstrapper - @TestExecutionListeners is not present for class [com.koreait.day2.repository.AdminUserRepositoryTest]: using defaults.
01:09:08.960 [Test worker] INFO org.springframework.boot.test.context.SpringBootTestContextBootstrapper - Loaded default TestExecutionListener class names from location [META-INF/spring.factories]: [org.springframework.boot.test.autoconfigure.restdocs.RestDocsTestExecutionListener, org.springframework.boot.test.autoconfigure.web.client.MockRestServiceServerResetTestExecutionListener, org.springframework.boot.test.autoconfigure.web.servlet.MockMvcPrintOnlyOnFailureTestExecutionListener, org.springframework.boot.test.autoconfigure.web.servlet.WebDriverTestExecutionListener, org.springframework.boot.test.autoconfigure.webservices.client.MockWebServiceServerTestExecutionListener, org.springframework.boot.test.mock.mockito.MockitoTestExecutionListener, org.springframework.boot.test.mock.mockito.ResetMocksTestExecutionListener, org.springframework.test.context.web.ServletTestExecutionListener, org.springframework.test.context.support.DirtiesContextBeforeModesTestExecutionListener, org.springframework.test.context.event.ApplicationEventsTestExecutionListener, org.springframework.test.context.support.DependencyInjectionTestExecutionListener, org.springframework.test.context.support.DirtiesContextTestExecutionListener, org.springframework.test.context.transaction.TransactionalTestExecutionListener, org.springframework.test.context.jdbc.SqlScriptsTestExecutionListener, org.springframework.test.context.event.EventPublishingTestExecutionListener]
01:09:08.995 [Test worker] INFO org.springframework.boot.test.context.SpringBootTestContextBootstrapper - Using TestExecutionListeners: [org.springframework.test.context.web.ServletTestExecutionListener@33aaaed4, org.springframework.test.context.support.DirtiesContextBeforeModesTestExecutionListener@17e2611a, org.springframework.test.context.event.ApplicationEventsTestExecutionListener@28c513ec, org.springframework.boot.test.mock.mockito.MockitoTestExecutionListener@17cb0142, org.springframework.boot.test.autoconfigure.SpringBootDependencyInjectionTestExecutionListener@7171d161, org.springframework.test.context.support.DirtiesContextTestExecutionListener@751f84e4, org.springframework.test.context.transaction.TransactionalTestExecutionListener@75c5b3d8, org.springframework.test.context.jdbc.SqlScriptsTestExecutionListener@3a4b6d33, org.springframework.test.context.event.EventPublishingTestExecutionListener@454e49c2, org.springframework.boot.test.autoconfigure.restdocs.RestDocsTestExecutionListener@4c7fcd2b, org.springframework.boot.test.autoconfigure.web.client.MockRestServiceServerResetTestExecutionListener@147cfc0f, org.springframework.boot.test.autoconfigure.web.servlet.MockMvcPrintOnlyOnFailureTestExecutionListener@753f3946, org.springframework.boot.test.autoconfigure.web.servlet.WebDriverTestExecutionListener@42887e7a, org.springframework.boot.test.autoconfigure.webservices.client.MockWebServiceServerTestExecutionListener@70acf595, org.springframework.boot.test.mock.mockito.ResetMocksTestExecutionListener@343e30b]
01:09:09.005 [Test worker] DEBUG org.springframework.test.context.support.AbstractDirtiesContextTestExecutionListener - Before test class: context [DefaultTestContext@40d533b4 testClass = AdminUserRepositoryTest, testInstance = [null], testMethod = [null], testException = [null], mergedContextConfiguration = [WebMergedContextConfiguration@672f2480 testClass = AdminUserRepositoryTest, locations = '{}', classes = '{class com.koreait.day2.Day2Application}', contextInitializerClasses = '[]', activeProfiles = '{}', propertySourceLocations = '{}', propertySourceProperties = '{org.springframework.boot.test.context.SpringBootTestContextBootstrapper=true}', contextCustomizers = set[org.springframework.boot.test.autoconfigure.actuate.metrics.MetricsExportContextCustomizerFactory$DisableMetricExportContextCustomizer@8b43a5b, org.springframework.boot.test.autoconfigure.properties.PropertyMappingContextCustomizer@0, org.springframework.boot.test.autoconfigure.web.servlet.WebDriverContextCustomizerFactory$Customizer@6ed2ae5, org.springframework.boot.test.context.filter.ExcludeFilterContextCustomizer@18787bd2, org.springframework.boot.test.json.DuplicateJsonObjectContextCustomizerFactory$DuplicateJsonObjectContextCustomizer@455dfe81, org.springframework.boot.test.mock.mockito.MockitoContextCustomizer@0, org.springframework.boot.test.web.client.TestRestTemplateContextCustomizer@706a2b9d, org.springframework.boot.test.context.SpringBootTestArgs@1, org.springframework.boot.test.context.SpringBootTestWebEnvironment@58ae6a14], resourceBasePath = 'src/main/webapp', contextLoader = 'org.springframework.boot.test.context.SpringBootContextLoader', parent = [null]], attributes = map['org.springframework.test.context.web.ServletTestExecutionListener.activateListener' -> true]], class annotated with @DirtiesContext [false] with mode [null].
01:09:09.059 [Test worker] DEBUG org.springframework.test.context.support.TestPropertySourceUtils - Adding inlined properties to environment: {spring.jmx.enabled=false, org.springframework.boot.test.context.SpringBootTestContextBootstrapper=true}

  .   ____          _            __ _ _
 /\\ / ___'_ __ _ _(_)_ __  __ _ \ \ \ \
( ( )\___ | '_ | '_| | '_ \/ _` | \ \ \ \
 \\/  ___)| |_)| | | | | || (_| |  ) ) ) )
  '  |____| .__|_| |_|_| |_\__, | / / / /
 =========|_|==============|___/=/_/_/_/
 :: Spring Boot ::                (v2.5.3)

2021-08-19 01:09:09.939  INFO 12300 --- [    Test worker] c.k.d.r.AdminUserRepositoryTest          : Starting AdminUserRepositoryTest using Java 11.0.11 on DESKTOP-BI9QBB7 with PID 12300 (started by S in C:\soon\Spring\Day2)
2021-08-19 01:09:09.943  INFO 12300 --- [    Test worker] c.k.d.r.AdminUserRepositoryTest          : No active profile set, falling back to default profiles: default
2021-08-19 01:09:11.328  INFO 12300 --- [    Test worker] .s.d.r.c.RepositoryConfigurationDelegate : Bootstrapping Spring Data JPA repositories in DEFAULT mode.
2021-08-19 01:09:11.439  INFO 12300 --- [    Test worker] .s.d.r.c.RepositoryConfigurationDelegate : Finished Spring Data repository scanning in 86 ms. Found 2 JPA repository interfaces.
2021-08-19 01:09:11.647  WARN 12300 --- [    Test worker] o.m.s.mapper.ClassPathMapperScanner      : No MyBatis mapper was found in '[com.koreait.day2]' package. Please check your configuration.
2021-08-19 01:09:12.582  INFO 12300 --- [    Test worker] com.zaxxer.hikari.HikariDataSource       : HikariPool-1 - Starting...
2021-08-19 01:09:15.838  INFO 12300 --- [    Test worker] com.zaxxer.hikari.HikariDataSource       : HikariPool-1 - Start completed.
2021-08-19 01:09:16.081  INFO 12300 --- [    Test worker] o.hibernate.jpa.internal.util.LogHelper  : HHH000204: Processing PersistenceUnitInfo [name: default]
2021-08-19 01:09:16.220  INFO 12300 --- [    Test worker] org.hibernate.Version                    : HHH000412: Hibernate ORM core version 5.4.32.Final
2021-08-19 01:09:16.635  INFO 12300 --- [    Test worker] o.hibernate.annotations.common.Version   : HCANN000001: Hibernate Commons Annotations {5.1.2.Final}
2021-08-19 01:09:16.956  INFO 12300 --- [    Test worker] org.hibernate.dialect.Dialect            : HHH000400: Using dialect: org.hibernate.dialect.Oracle12cDialect
2021-08-19 01:09:19.657  INFO 12300 --- [    Test worker] o.h.e.t.j.p.i.JtaPlatformInitiator       : HHH000490: Using JtaPlatform implementation: [org.hibernate.engine.transaction.jta.platform.internal.NoJtaPlatform]
2021-08-19 01:09:19.682  INFO 12300 --- [    Test worker] j.LocalContainerEntityManagerFactoryBean : Initialized JPA EntityManagerFactory for persistence unit 'default'
2021-08-19 01:09:20.164  WARN 12300 --- [    Test worker] JpaBaseConfiguration$JpaWebConfiguration : spring.jpa.open-in-view is enabled by default. Therefore, database queries may be performed during view rendering. Explicitly configure spring.jpa.open-in-view to disable this warning
2021-08-19 01:09:21.917  INFO 12300 --- [    Test worker] c.k.d.r.AdminUserRepositoryTest          : Started AdminUserRepositoryTest in 12.845 seconds (JVM running for 15.114)
]]></system-out>
  <system-err><![CDATA[]]></system-err>
</testsuite>
